<?xml version="1.0" encoding="UTF-8"?>
<!-- Generated by org.testng.reporters.JUnitReportReporter -->
<testsuite skipped="0" hostname="mybbd05a3e" name="testCases.QrScannerTestCases" tests="1" failures="0" timestamp="2020-12-20T23:56:03 MYT" time="20.376" errors="0">
  <testcase name="performAppgallery" time="20.376" classname="testCases.QrScannerTestCases"/>
  <system-out/>
</testsuite> <!-- testCases.QrScannerTestCases -->
